[ 2025-11-23 22:52:44,168 ] 1025 httpx - INFO - HTTP Request: GET https://dagshub.com/api/v1/user "HTTP/1.1 200 OK"
[ 2025-11-23 22:52:44,182 ] 107 dagshub - INFO - Accessing as NikitaSingh13
[ 2025-11-23 22:52:45,958 ] 1025 httpx - INFO - HTTP Request: GET https://dagshub.com/api/v1/repos/NikitaSingh13/networksecurity "HTTP/1.1 200 OK"
[ 2025-11-23 22:52:47,655 ] 1025 httpx - INFO - HTTP Request: GET https://dagshub.com/api/v1/user "HTTP/1.1 200 OK"
[ 2025-11-23 22:52:47,659 ] 107 dagshub - INFO - Initialized MLflow to track repo "NikitaSingh13/networksecurity"
[ 2025-11-23 22:52:47,661 ] 107 dagshub - INFO - Repository NikitaSingh13/networksecurity initialized!
[ 2025-11-23 22:54:01,860 ] 35 root - INFO - Start data Ingestion
[ 2025-11-23 22:54:10,408 ] 65 root - INFO - Performed train test split on the dataframe
[ 2025-11-23 22:54:10,408 ] 67 root - INFO - Exited split_data_as_train_test method of Data_Ingestion class
[ 2025-11-23 22:54:10,409 ] 75 root - INFO - Exporting train and test file path.
[ 2025-11-23 22:54:10,628 ] 84 root - INFO - Exported train and test file path.
[ 2025-11-23 22:54:10,629 ] 38 root - INFO - Data Ingestion completed and artifact: DataIngestionArtifact(trained_file_path='Artifacts\\11_23_2025_22_52_31\\data_ingestion\\ingested\\train.csv', test_file_path='Artifacts\\11_23_2025_22_52_31\\data_ingestion\\ingested\\test.csv')
[ 2025-11-23 22:54:10,679 ] 48 root - INFO - Initiate the data Validation
[ 2025-11-23 22:54:10,820 ] 32 root - INFO - Required number of columns:2
[ 2025-11-23 22:54:10,820 ] 33 root - INFO - Data frame has columns:31
[ 2025-11-23 22:54:10,820 ] 32 root - INFO - Required number of columns:2
[ 2025-11-23 22:54:10,820 ] 33 root - INFO - Data frame has columns:31
[ 2025-11-23 22:54:11,513 ] 63 root - INFO - Entered initiate_data_transformation method of DataTransformation class
[ 2025-11-23 22:54:11,513 ] 65 root - INFO - Starting data transformation
[ 2025-11-23 22:54:11,768 ] 48 root - INFO - Entered get_data_trnasformer_object method of Trnasformation class
[ 2025-11-23 22:54:11,768 ] 53 root - INFO - Initialise KNNImputer with {'missing_values': nan, 'n_neighbors': 3, 'weights': 'uniform'}
[ 2025-11-23 22:54:11,826 ] 46 root - INFO - Entered the save_object method of MainUtils class
[ 2025-11-23 22:54:11,832 ] 50 root - INFO - Exited the save_object method of MainUtils class
[ 2025-11-23 22:54:11,832 ] 46 root - INFO - Entered the save_object method of MainUtils class
[ 2025-11-23 22:54:11,843 ] 50 root - INFO - Exited the save_object method of MainUtils class
[ 2025-11-23 23:02:52,159 ] 46 root - INFO - Entered the save_object method of MainUtils class
[ 2025-11-23 23:02:52,206 ] 50 root - INFO - Exited the save_object method of MainUtils class
[ 2025-11-23 23:02:52,206 ] 46 root - INFO - Entered the save_object method of MainUtils class
[ 2025-11-23 23:02:52,224 ] 50 root - INFO - Exited the save_object method of MainUtils class
[ 2025-11-23 23:02:52,224 ] 146 root - INFO - Model trainer artifact: ModelTrainerArtifact(trained_model_file_path='Artifacts\\11_23_2025_22_52_31\\model_trainer\\trained_model\\model.pkl', train_metric_artifact=ClassificationMetricArtifact(f1_score=0.9913801845654598, precision_score=0.9900749442981568, recall_score=0.9926888708367181), test_metric_artifact=ClassificationMetricArtifact(f1_score=0.9725806451612903, precision_score=0.967121090617482, recall_score=0.9781021897810219))
